This is pdfTeX, Version 3.141592653-2.6-1.40.24 (TeX Live 2022) (preloaded format=pdflatex 2023.2.5)  16 DEC 2024 16:55
entering extended mode
 restricted \write18 enabled.
 file:line:error style messages enabled.
 %&-line parsing enabled.
**/Users/hansenliu/Desktop/CS598CC_Project_hl58/CS598CC_Project_hl58.tex
(/Users/hansenliu/Desktop/CS598CC_Project_hl58/CS598CC_Project_hl58.tex
LaTeX2e <2021-11-15> patch level 1
L3 programming layer <2022-02-24> (/usr/local/texlive/2022/texmf-dist/tex/latex/base/article.cls
Document Class: article 2021/10/04 v1.4n Standard LaTeX document class
(/usr/local/texlive/2022/texmf-dist/tex/latex/base/size10.clo
File: size10.clo 2021/10/04 v1.4n Standard LaTeX file (size option)
)
\c@part=\count185
\c@section=\count186
\c@subsection=\count187
\c@subsubsection=\count188
\c@paragraph=\count189
\c@subparagraph=\count190
\c@figure=\count191
\c@table=\count192
\abovecaptionskip=\skip47
\belowcaptionskip=\skip48
\bibindent=\dimen138
) (/usr/local/texlive/2022/texmf-dist/tex/latex/titling/titling.sty
Package: titling 2009/09/04 v2.1d maketitle typesetting
\thanksmarkwidth=\skip49
\thanksmargin=\skip50
\droptitle=\skip51
) (/usr/local/texlive/2022/texmf-dist/tex/latex/geometry/geometry.sty
Package: geometry 2020/01/02 v5.9 Page Geometry
 (/usr/local/texlive/2022/texmf-dist/tex/latex/graphics/keyval.sty
Package: keyval 2014/10/28 v1.15 key=value parser (DPC)
\KV@toks@=\toks16
) (/usr/local/texlive/2022/texmf-dist/tex/generic/iftex/ifvtex.sty
Package: ifvtex 2019/10/25 v1.7 ifvtex legacy package. Use iftex instead.
 (/usr/local/texlive/2022/texmf-dist/tex/generic/iftex/iftex.sty
Package: iftex 2022/02/03 v1.0f TeX engine tests
))
\Gm@cnth=\count193
\Gm@cntv=\count194
\c@Gm@tempcnt=\count195
\Gm@bindingoffset=\dimen139
\Gm@wd@mp=\dimen140
\Gm@odd@mp=\dimen141
\Gm@even@mp=\dimen142
\Gm@layoutwidth=\dimen143
\Gm@layoutheight=\dimen144
\Gm@layouthoffset=\dimen145
\Gm@layoutvoffset=\dimen146
\Gm@dimlist=\toks17
) (/usr/local/texlive/2022/texmf-dist/tex/latex/fancyhdr/fancyhdr.sty
Package: fancyhdr 2021/01/28 v4.0.1 Extensive control of page headers and footers
\f@nch@headwidth=\skip52
\f@nch@O@elh=\skip53
\f@nch@O@erh=\skip54
\f@nch@O@olh=\skip55
\f@nch@O@orh=\skip56
\f@nch@O@elf=\skip57
\f@nch@O@erf=\skip58
\f@nch@O@olf=\skip59
\f@nch@O@orf=\skip60
) (/usr/local/texlive/2022/texmf-dist/tex/latex/enumitem/enumitem.sty
Package: enumitem 2019/06/20 v3.9 Customized lists
\labelindent=\skip61
\enit@outerparindent=\dimen147
\enit@toks=\toks18
\enit@inbox=\box50
\enit@count@id=\count196
\enitdp@description=\count197
) (/usr/local/texlive/2022/texmf-dist/tex/latex/algorithmicx/algpseudocode.sty
Package: algpseudocode 
 (/usr/local/texlive/2022/texmf-dist/tex/latex/base/ifthen.sty
Package: ifthen 2020/11/24 v1.1c Standard LaTeX ifthen package (DPC)
) (/usr/local/texlive/2022/texmf-dist/tex/latex/algorithmicx/algorithmicx.sty
Package: algorithmicx 2005/04/27 v1.2 Algorithmicx

Document Style algorithmicx 1.2 - a greatly improved `algorithmic' style
\c@ALG@line=\count198
\c@ALG@rem=\count199
\c@ALG@nested=\count266
\ALG@tlm=\skip62
\ALG@thistlm=\skip63
\c@ALG@Lnr=\count267
\c@ALG@blocknr=\count268
\c@ALG@storecount=\count269
\c@ALG@tmpcounter=\count270
\ALG@tmplength=\skip64
)
Document Style - pseudocode environments for use with the `algorithmicx' style
) (/usr/local/texlive/2022/texmf-dist/tex/latex/algorithms/algorithm.sty
Package: algorithm 2009/08/24 v0.1 Document Style `algorithm' - floating environment
 (/usr/local/texlive/2022/texmf-dist/tex/latex/float/float.sty
Package: float 2001/11/08 v1.3d Float enhancements (AL)
\c@float@type=\count271
\float@exts=\toks19
\float@box=\box51
\@float@everytoks=\toks20
\@floatcapt=\box52
)
\@float@every@algorithm=\toks21
\c@algorithm=\count272
) (/usr/local/texlive/2022/texmf-dist/tex/latex/setspace/setspace.sty
Package: setspace 2011/12/19 v6.7a set line spacing
) (/usr/local/texlive/2022/texmf-dist/tex/latex/amsfonts/amsfonts.sty
Package: amsfonts 2013/01/14 v3.01 Basic AMSFonts support
\@emptytoks=\toks22
\symAMSa=\mathgroup4
\symAMSb=\mathgroup5
LaTeX Font Info:    Redeclaring math symbol \hbar on input line 98.
LaTeX Font Info:    Overwriting math alphabet `\mathfrak' in version `bold'
(Font)                  U/euf/m/n --> U/euf/b/n on input line 106.
) (/usr/local/texlive/2022/texmf-dist/tex/latex/graphics/graphicx.sty
Package: graphicx 2021/09/16 v1.2d Enhanced LaTeX Graphics (DPC,SPQR)
 (/usr/local/texlive/2022/texmf-dist/tex/latex/graphics/graphics.sty
Package: graphics 2021/03/04 v1.4d Standard LaTeX Graphics (DPC,SPQR)
 (/usr/local/texlive/2022/texmf-dist/tex/latex/graphics/trig.sty
Package: trig 2021/08/11 v1.11 sin cos tan (DPC)
) (/usr/local/texlive/2022/texmf-dist/tex/latex/graphics-cfg/graphics.cfg
File: graphics.cfg 2016/06/04 v1.11 sample graphics configuration
)
Package graphics Info: Driver file: pdftex.def on input line 107.
 (/usr/local/texlive/2022/texmf-dist/tex/latex/graphics-def/pdftex.def
File: pdftex.def 2020/10/05 v1.2a Graphics/color driver for pdftex
))
\Gin@req@height=\dimen148
\Gin@req@width=\dimen149
) (/usr/local/texlive/2022/texmf-dist/tex/latex/amsmath/amsmath.sty
Package: amsmath 2021/10/15 v2.17l AMS math features
\@mathmargin=\skip65

For additional information on amsmath, use the `?' option.
(/usr/local/texlive/2022/texmf-dist/tex/latex/amsmath/amstext.sty
Package: amstext 2021/08/26 v2.01 AMS text
 (/usr/local/texlive/2022/texmf-dist/tex/latex/amsmath/amsgen.sty
File: amsgen.sty 1999/11/30 v2.0 generic functions
\@emptytoks=\toks23
\ex@=\dimen150
)) (/usr/local/texlive/2022/texmf-dist/tex/latex/amsmath/amsbsy.sty
Package: amsbsy 1999/11/29 v1.2d Bold Symbols
\pmbraise@=\dimen151
) (/usr/local/texlive/2022/texmf-dist/tex/latex/amsmath/amsopn.sty
Package: amsopn 2021/08/26 v2.02 operator names
)
\inf@bad=\count273
LaTeX Info: Redefining \frac on input line 234.
\uproot@=\count274
\leftroot@=\count275
LaTeX Info: Redefining \overline on input line 399.
\classnum@=\count276
\DOTSCASE@=\count277
LaTeX Info: Redefining \ldots on input line 496.
LaTeX Info: Redefining \dots on input line 499.
LaTeX Info: Redefining \cdots on input line 620.
\Mathstrutbox@=\box53
\strutbox@=\box54
\big@size=\dimen152
LaTeX Font Info:    Redeclaring font encoding OML on input line 743.
LaTeX Font Info:    Redeclaring font encoding OMS on input line 744.
\macc@depth=\count278
\c@MaxMatrixCols=\count279
\dotsspace@=\muskip16
\c@parentequation=\count280
\dspbrk@lvl=\count281
\tag@help=\toks24
\row@=\count282
\column@=\count283
\maxfields@=\count284
\andhelp@=\toks25
\eqnshift@=\dimen153
\alignsep@=\dimen154
\tagshift@=\dimen155
\tagwidth@=\dimen156
\totwidth@=\dimen157
\lineht@=\dimen158
\@envbody=\toks26
\multlinegap=\skip66
\multlinetaggap=\skip67
\mathdisplay@stack=\toks27
LaTeX Info: Redefining \[ on input line 2938.
LaTeX Info: Redefining \] on input line 2939.
) (/usr/local/texlive/2022/texmf-dist/tex/latex/cite/cite.sty
LaTeX Info: Redefining \cite on input line 302.
LaTeX Info: Redefining \nocite on input line 332.
Package: cite 2015/02/27  v 5.5
) (/usr/local/texlive/2022/texmf-dist/tex/latex/pdfpages/pdfpages.sty
Package: pdfpages 2022/01/29 v0.5u Insert pages of external PDF documents (AM)
 (/usr/local/texlive/2022/texmf-dist/tex/latex/tools/calc.sty
Package: calc 2017/05/25 v4.3 Infix arithmetic (KKT,FJ)
\calc@Acount=\count285
\calc@Bcount=\count286
\calc@Adimen=\dimen159
\calc@Bdimen=\dimen160
\calc@Askip=\skip68
\calc@Bskip=\skip69
LaTeX Info: Redefining \setlength on input line 80.
LaTeX Info: Redefining \addtolength on input line 81.
\calc@Ccount=\count287
\calc@Cskip=\skip70
) (/usr/local/texlive/2022/texmf-dist/tex/latex/eso-pic/eso-pic.sty
Package: eso-pic 2020/10/14 v3.0a eso-pic (RN)
\ESO@tempdima=\dimen161
\ESO@tempdimb=\dimen162
 (/usr/local/texlive/2022/texmf-dist/tex/latex/xcolor/xcolor.sty
Package: xcolor 2021/10/31 v2.13 LaTeX color extensions (UK)
 (/usr/local/texlive/2022/texmf-dist/tex/latex/graphics-cfg/color.cfg
File: color.cfg 2016/01/02 v1.6 sample color configuration
)
Package xcolor Info: Driver file: pdftex.def on input line 227.
Package xcolor Info: Model `cmy' substituted by `cmy0' on input line 1352.
Package xcolor Info: Model `hsb' substituted by `rgb' on input line 1356.
Package xcolor Info: Model `RGB' extended on input line 1368.
Package xcolor Info: Model `HTML' substituted by `rgb' on input line 1370.
Package xcolor Info: Model `Hsb' substituted by `hsb' on input line 1371.
Package xcolor Info: Model `tHsb' substituted by `hsb' on input line 1372.
Package xcolor Info: Model `HSB' substituted by `hsb' on input line 1373.
Package xcolor Info: Model `Gray' substituted by `gray' on input line 1374.
Package xcolor Info: Model `wave' substituted by `hsb' on input line 1375.
))
\AM@pagewidth=\dimen163
\AM@pageheight=\dimen164
\AM@fboxrule=\dimen165
 (/usr/local/texlive/2022/texmf-dist/tex/latex/pdfpages/pppdftex.def
File: pppdftex.def 2022/01/29 v0.5u Pdfpages driver for pdfTeX (AM)
)
\pdfpages@includegraphics@status=\count288
\AM@pagebox=\box55
\AM@global@opts=\toks28
\AM@pagecnt=\count289
\AM@toc@title=\toks29
\c@AM@survey=\count290
\AM@templatesizebox=\box56
) (/usr/local/texlive/2022/texmf-dist/tex/latex/l3backend/l3backend-pdftex.def
File: l3backend-pdftex.def 2022-02-07 L3 backend support: PDF output (pdfTeX)
\l__color_backend_stack_int=\count291
\l__pdf_internal_box=\box57
) (./CS598CC_Project_hl58.aux)
\openout1 = `CS598CC_Project_hl58.aux'.

LaTeX Font Info:    Checking defaults for OML/cmm/m/it on input line 35.
LaTeX Font Info:    ... okay on input line 35.
LaTeX Font Info:    Checking defaults for OMS/cmsy/m/n on input line 35.
LaTeX Font Info:    ... okay on input line 35.
LaTeX Font Info:    Checking defaults for OT1/cmr/m/n on input line 35.
LaTeX Font Info:    ... okay on input line 35.
LaTeX Font Info:    Checking defaults for T1/cmr/m/n on input line 35.
LaTeX Font Info:    ... okay on input line 35.
LaTeX Font Info:    Checking defaults for TS1/cmr/m/n on input line 35.
LaTeX Font Info:    ... okay on input line 35.
LaTeX Font Info:    Checking defaults for OMX/cmex/m/n on input line 35.
LaTeX Font Info:    ... okay on input line 35.
LaTeX Font Info:    Checking defaults for U/cmr/m/n on input line 35.
LaTeX Font Info:    ... okay on input line 35.

*geometry* driver: auto-detecting
*geometry* detected driver: pdftex
*geometry* verbose mode - [ preamble ] result:
* driver: pdftex
* paper: a4paper
* layout: <same size as paper>
* layoutoffset:(h,v)=(0.0pt,0.0pt)
* modes: 
* h-part:(L,W,R)=(72.26999pt, 452.9679pt, 72.26999pt)
* v-part:(T,H,B)=(72.26999pt, 700.50687pt, 72.26999pt)
* \paperwidth=597.50787pt
* \paperheight=845.04684pt
* \textwidth=452.9679pt
* \textheight=700.50687pt
* \oddsidemargin=0.0pt
* \evensidemargin=0.0pt
* \topmargin=-37.0pt
* \headheight=12.0pt
* \headsep=25.0pt
* \topskip=10.0pt
* \footskip=30.0pt
* \marginparwidth=65.0pt
* \marginparsep=11.0pt
* \columnsep=10.0pt
* \skip\footins=9.0pt plus 4.0pt minus 2.0pt
* \hoffset=0.0pt
* \voffset=0.0pt
* \mag=1000
* \@twocolumnfalse
* \@twosidefalse
* \@mparswitchfalse
* \@reversemarginfalse
* (1in=72.27pt=25.4mm, 1cm=28.453pt)

(/usr/local/texlive/2022/texmf-dist/tex/context/base/mkii/supp-pdf.mkii
[Loading MPS to PDF converter (version 2006.09.02).]
\scratchcounter=\count292
\scratchdimen=\dimen166
\scratchbox=\box58
\nofMPsegments=\count293
\nofMParguments=\count294
\everyMPshowfont=\toks30
\MPscratchCnt=\count295
\MPscratchDim=\dimen167
\MPnumerator=\count296
\makeMPintoPDFobject=\count297
\everyMPtoPDFconversion=\toks31
) (/usr/local/texlive/2022/texmf-dist/tex/latex/epstopdf-pkg/epstopdf-base.sty
Package: epstopdf-base 2020-01-24 v2.11 Base part for package epstopdf
Package epstopdf-base Info: Redefining graphics rule for `.eps' on input line 485.
 (/usr/local/texlive/2022/texmf-dist/tex/latex/latexconfig/epstopdf-sys.cfg
File: epstopdf-sys.cfg 2010/07/13 v1.3 Configuration of (r)epstopdf for TeX Live
)) (/usr/local/texlive/2022/texmf-dist/tex/latex/pdflscape/pdflscape.sty
Package: pdflscape 2019/12/05 v0.12 Display of landscape pages in PDF (HO)
 (/usr/local/texlive/2022/texmf-dist/tex/latex/graphics/lscape.sty
Package: lscape 2020/05/28 v3.02 Landscape Pages (DPC)
)
Package pdflscape Info: Auto-detected driver: pdftex on input line 81.
)
LaTeX Font Info:    Trying to load font information for U+msa on input line 43.
 (/usr/local/texlive/2022/texmf-dist/tex/latex/amsfonts/umsa.fd
File: umsa.fd 2013/01/14 v3.01 AMS symbols A
)
LaTeX Font Info:    Trying to load font information for U+msb on input line 43.
 (/usr/local/texlive/2022/texmf-dist/tex/latex/amsfonts/umsb.fd
File: umsb.fd 2013/01/14 v3.01 AMS symbols B
) [1

{/usr/local/texlive/2022/texmf-var/fonts/map/pdftex/updmap/pdftex.map}] [2

] [3] [4] [5] (./CS598CC_Project_hl58.bbl [6])
<outline.pdf, id=42, 614.295pt x 803.5781pt>
File: outline.pdf Graphic file (type pdf)
<use outline.pdf>
Package pdftex.def Info: outline.pdf  used on input line 223.
(pdftex.def)             Requested size: 614.29349pt x 803.57614pt.
File: outline.pdf Graphic file (type pdf)
<use outline.pdf>
Package pdftex.def Info: outline.pdf  used on input line 223.
(pdftex.def)             Requested size: 614.29349pt x 803.57614pt.
<outline.pdf, id=45, page=1, 614.295pt x 803.5781pt>
File: outline.pdf Graphic file (type pdf)
<use outline.pdf, page 1>
Package pdftex.def Info: outline.pdf , page1 used on input line 223.
(pdftex.def)             Requested size: 614.29349pt x 803.57614pt.
File: outline.pdf Graphic file (type pdf)
<use outline.pdf, page 1>
Package pdftex.def Info: outline.pdf , page1 used on input line 223.
(pdftex.def)             Requested size: 597.78697pt x 781.98346pt.
 [7]
File: outline.pdf Graphic file (type pdf)
<use outline.pdf, page 1>
Package pdftex.def Info: outline.pdf , page1 used on input line 223.
(pdftex.def)             Requested size: 597.78697pt x 781.98346pt.
File: outline.pdf Graphic file (type pdf)
<use outline.pdf, page 1>
Package pdftex.def Info: outline.pdf , page1 used on input line 223.
(pdftex.def)             Requested size: 597.78697pt x 781.98346pt.
File: outline.pdf Graphic file (type pdf)
<use outline.pdf, page 1>
Package pdftex.def Info: outline.pdf , page1 used on input line 223.
(pdftex.def)             Requested size: 597.78697pt x 781.98346pt.
 [8 <./outline.pdf>]
<outline.pdf, id=144, page=2, 614.295pt x 803.5781pt>
File: outline.pdf Graphic file (type pdf)
<use outline.pdf, page 2>
Package pdftex.def Info: outline.pdf , page2 used on input line 223.
(pdftex.def)             Requested size: 597.78697pt x 781.98346pt.
File: outline.pdf Graphic file (type pdf)
<use outline.pdf, page 2>
Package pdftex.def Info: outline.pdf , page2 used on input line 223.
(pdftex.def)             Requested size: 597.78697pt x 781.98346pt.
File: outline.pdf Graphic file (type pdf)
<use outline.pdf, page 2>
Package pdftex.def Info: outline.pdf , page2 used on input line 223.
(pdftex.def)             Requested size: 597.78697pt x 781.98346pt.
 [9 <./outline.pdf>]
<outline.pdf, id=176, page=3, 614.295pt x 803.5781pt>
File: outline.pdf Graphic file (type pdf)
<use outline.pdf, page 3>
Package pdftex.def Info: outline.pdf , page3 used on input line 223.
(pdftex.def)             Requested size: 597.78697pt x 781.98346pt.
File: outline.pdf Graphic file (type pdf)
<use outline.pdf, page 3>
Package pdftex.def Info: outline.pdf , page3 used on input line 223.
(pdftex.def)             Requested size: 597.78697pt x 781.98346pt.
File: outline.pdf Graphic file (type pdf)
<use outline.pdf, page 3>
Package pdftex.def Info: outline.pdf , page3 used on input line 223.
(pdftex.def)             Requested size: 597.78697pt x 781.98346pt.
 [10 <./outline.pdf>]
<outline.pdf, id=183, page=4, 614.295pt x 803.5781pt>
File: outline.pdf Graphic file (type pdf)
<use outline.pdf, page 4>
Package pdftex.def Info: outline.pdf , page4 used on input line 223.
(pdftex.def)             Requested size: 597.78697pt x 781.98346pt.
File: outline.pdf Graphic file (type pdf)
<use outline.pdf, page 4>
Package pdftex.def Info: outline.pdf , page4 used on input line 223.
(pdftex.def)             Requested size: 597.78697pt x 781.98346pt.
File: outline.pdf Graphic file (type pdf)
<use outline.pdf, page 4>
Package pdftex.def Info: outline.pdf , page4 used on input line 223.
(pdftex.def)             Requested size: 597.78697pt x 781.98346pt.
 [11 <./outline.pdf>]
<outline.pdf, id=203, page=5, 614.295pt x 803.5781pt>
File: outline.pdf Graphic file (type pdf)
<use outline.pdf, page 5>
Package pdftex.def Info: outline.pdf , page5 used on input line 223.
(pdftex.def)             Requested size: 597.78697pt x 781.98346pt.
File: outline.pdf Graphic file (type pdf)
<use outline.pdf, page 5>
Package pdftex.def Info: outline.pdf , page5 used on input line 223.
(pdftex.def)             Requested size: 597.78697pt x 781.98346pt.
File: outline.pdf Graphic file (type pdf)
<use outline.pdf, page 5>
Package pdftex.def Info: outline.pdf , page5 used on input line 223.
(pdftex.def)             Requested size: 597.78697pt x 781.98346pt.
 [12 <./outline.pdf>]
<outline.pdf, id=217, page=6, 614.295pt x 803.5781pt>
File: outline.pdf Graphic file (type pdf)
<use outline.pdf, page 6>
Package pdftex.def Info: outline.pdf , page6 used on input line 223.
(pdftex.def)             Requested size: 597.78697pt x 781.98346pt.
File: outline.pdf Graphic file (type pdf)
<use outline.pdf, page 6>
Package pdftex.def Info: outline.pdf , page6 used on input line 223.
(pdftex.def)             Requested size: 597.78697pt x 781.98346pt.
File: outline.pdf Graphic file (type pdf)
<use outline.pdf, page 6>
Package pdftex.def Info: outline.pdf , page6 used on input line 223.
(pdftex.def)             Requested size: 597.78697pt x 781.98346pt.
 [13 <./outline.pdf>]
<outline.pdf, id=231, page=7, 614.295pt x 803.5781pt>
File: outline.pdf Graphic file (type pdf)
<use outline.pdf, page 7>
Package pdftex.def Info: outline.pdf , page7 used on input line 223.
(pdftex.def)             Requested size: 597.78697pt x 781.98346pt.
File: outline.pdf Graphic file (type pdf)
<use outline.pdf, page 7>
Package pdftex.def Info: outline.pdf , page7 used on input line 223.
(pdftex.def)             Requested size: 597.78697pt x 781.98346pt.
File: outline.pdf Graphic file (type pdf)
<use outline.pdf, page 7>
Package pdftex.def Info: outline.pdf , page7 used on input line 223.
(pdftex.def)             Requested size: 597.78697pt x 781.98346pt.
 [14 <./outline.pdf>]
<outline.pdf, id=241, page=8, 614.295pt x 803.5781pt>
File: outline.pdf Graphic file (type pdf)
<use outline.pdf, page 8>
Package pdftex.def Info: outline.pdf , page8 used on input line 223.
(pdftex.def)             Requested size: 597.78697pt x 781.98346pt.
File: outline.pdf Graphic file (type pdf)
<use outline.pdf, page 8>
Package pdftex.def Info: outline.pdf , page8 used on input line 223.
(pdftex.def)             Requested size: 597.78697pt x 781.98346pt.
File: outline.pdf Graphic file (type pdf)
<use outline.pdf, page 8>
Package pdftex.def Info: outline.pdf , page8 used on input line 223.
(pdftex.def)             Requested size: 597.78697pt x 781.98346pt.
 [15 <./outline.pdf>]
<outline.pdf, id=249, page=9, 614.295pt x 803.5781pt>
File: outline.pdf Graphic file (type pdf)
<use outline.pdf, page 9>
Package pdftex.def Info: outline.pdf , page9 used on input line 223.
(pdftex.def)             Requested size: 597.78697pt x 781.98346pt.
File: outline.pdf Graphic file (type pdf)
<use outline.pdf, page 9>
Package pdftex.def Info: outline.pdf , page9 used on input line 223.
(pdftex.def)             Requested size: 597.78697pt x 781.98346pt.
File: outline.pdf Graphic file (type pdf)
<use outline.pdf, page 9>
Package pdftex.def Info: outline.pdf , page9 used on input line 223.
(pdftex.def)             Requested size: 597.78697pt x 781.98346pt.
 [16 <./outline.pdf>]
<outline.pdf, id=259, page=10, 614.295pt x 803.5781pt>
File: outline.pdf Graphic file (type pdf)
<use outline.pdf, page 10>
Package pdftex.def Info: outline.pdf , page10 used on input line 223.
(pdftex.def)             Requested size: 597.78697pt x 781.98346pt.
File: outline.pdf Graphic file (type pdf)
<use outline.pdf, page 10>
Package pdftex.def Info: outline.pdf , page10 used on input line 223.
(pdftex.def)             Requested size: 597.78697pt x 781.98346pt.
File: outline.pdf Graphic file (type pdf)
<use outline.pdf, page 10>
Package pdftex.def Info: outline.pdf , page10 used on input line 223.
(pdftex.def)             Requested size: 597.78697pt x 781.98346pt.
 [17 <./outline.pdf>] (./CS598CC_Project_hl58.aux) ) 
Here is how much of TeX's memory you used:
 5438 strings out of 478268
 86333 string characters out of 5846348
 396503 words of memory out of 5000000
 23562 multiletter control sequences out of 15000+600000
 478415 words of font info for 63 fonts, out of 8000000 for 9000
 1141 hyphenation exceptions out of 8191
 61i,17n,75p,1163b,427s stack positions out of 10000i,1000n,20000p,200000b,200000s
</usr/local/texlive/2022/texmf-dist/fonts/type1/public/amsfonts/cm/cmbx10.pfb></usr/local/texlive/2022/texmf-dist/fonts/type1/public/amsfonts/cm/cmbx12.pfb></usr/local/texlive/2022/texmf-dist/fonts/type1/public/amsfonts/cm/cmcsc10.pfb></usr/local/texlive/2022/texmf-dist/fonts/type1/public/amsfonts/cm/cmex10.pfb></usr/local/texlive/2022/texmf-dist/fonts/type1/public/amsfonts/cm/cmmi10.pfb></usr/local/texlive/2022/texmf-dist/fonts/type1/public/amsfonts/cm/cmmi12.pfb></usr/local/texlive/2022/texmf-dist/fonts/type1/public/amsfonts/cm/cmmi5.pfb></usr/local/texlive/2022/texmf-dist/fonts/type1/public/amsfonts/cm/cmmi7.pfb></usr/local/texlive/2022/texmf-dist/fonts/type1/public/amsfonts/cm/cmmi8.pfb></usr/local/texlive/2022/texmf-dist/fonts/type1/public/amsfonts/cm/cmr10.pfb></usr/local/texlive/2022/texmf-dist/fonts/type1/public/amsfonts/cm/cmr12.pfb></usr/local/texlive/2022/texmf-dist/fonts/type1/public/amsfonts/cm/cmr17.pfb></usr/local/texlive/2022/texmf-dist/fonts/type1/public/amsfonts/cm/cmr6.pfb></usr/local/texlive/2022/texmf-dist/fonts/type1/public/amsfonts/cm/cmr7.pfb></usr/local/texlive/2022/texmf-dist/fonts/type1/public/amsfonts/cm/cmr8.pfb></usr/local/texlive/2022/texmf-dist/fonts/type1/public/amsfonts/cm/cmr9.pfb></usr/local/texlive/2022/texmf-dist/fonts/type1/public/amsfonts/cm/cmsy10.pfb></usr/local/texlive/2022/texmf-dist/fonts/type1/public/amsfonts/cm/cmsy7.pfb></usr/local/texlive/2022/texmf-dist/fonts/type1/public/amsfonts/cm/cmti10.pfb></usr/local/texlive/2022/texmf-dist/fonts/type1/public/amsfonts/cm/cmti12.pfb></usr/local/texlive/2022/texmf-dist/fonts/type1/public/amsfonts/symbols/msbm10.pfb>
Output written on CS598CC_Project_hl58.pdf (17 pages, 4696390 bytes).
PDF statistics:
 351 PDF objects out of 1000 (max. 8388607)
 214 compressed objects within 3 object streams
 0 named destinations out of 1000 (max. 500000)
 66 words of extra memory for PDF output out of 10000 (max. 10000000)

